<?xml version="1.0" encoding="UTF-8"?>
<!-- Generated by org.testng.reporters.JUnitReportReporter -->
<testsuite skipped="0" hostname="DESKTOP-DDN2NNO" name="com.testingweather.test.WeatherTesting" tests="1" failures="0" timestamp="09 Jun 2018 20:36:29 GMT" time="0.008" errors="0">
  <testcase name="WeatherReport" time="0.008" classname="com.testingweather.test.WeatherTesting"/>
</testsuite> <!-- com.testingweather.test.WeatherTesting -->
