<?xml version="1.0" encoding="UTF-8"?>
<!-- Generated by org.testng.reporters.JUnitReportReporter -->
<testsuite skipped="0" hostname="DESKTOP-DDN2NNO" name="com.testersconnect.tests.TestClass" tests="1" failures="0" timestamp="10 Jun 2018 01:53:22 GMT" time="0.015" errors="0">
  <testcase name="test1" time="0.015" classname="com.testersconnect.tests.TestClass"/>
</testsuite> <!-- com.testersconnect.tests.TestClass -->
