<?xml version="1.0" encoding="UTF-8"?>
<!-- Generated by org.testng.reporters.JUnitReportReporter -->
<testsuite skipped="0" hostname="DESKTOP-DDN2NNO" name="com.testersconnect.tests.TestSuite" tests="1" failures="0" timestamp="09 Jun 2018 19:42:18 GMT" time="0.008" errors="0">
  <testcase name="CreateCompany" time="0.008" classname="com.testersconnect.tests.TestSuite"/>
</testsuite> <!-- com.testersconnect.tests.TestSuite -->
