<?xml version="1.0" encoding="UTF-8"?>
<!-- Generated by org.testng.reporters.JUnitReportReporter -->
<testsuite skipped="0" hostname="DESKTOP-DDN2NNO" name="com.testersconnect.tests.Regression_Test" tests="4" failures="0" timestamp="06 Jun 2018 09:38:50 GMT" time="0.012" errors="0">
  <testcase name="verifyFBLogin" time="0.008" classname="com.testersconnect.tests.Regression_Test"/>
  <testcase name="verifyFBViewNote" time="0.004" classname="com.testersconnect.tests.Regression_Test"/>
  <testcase name="verifyFBC0mment" time="0.000" classname="com.testersconnect.tests.Regression_Test"/>
  <testcase name="verifyFBLogout" time="0.000" classname="com.testersconnect.tests.Regression_Test"/>
</testsuite> <!-- com.testersconnect.tests.Regression_Test -->
