<?xml version="1.0" encoding="UTF-8"?>
<!-- Generated by org.testng.reporters.JUnitReportReporter -->
<testsuite skipped="0" hostname="DESKTOP-DDN2NNO" name="com.testersconnect.tests.BAT_Suite" tests="4" failures="0" timestamp="06 Jun 2018 09:38:40 GMT" time="0.016" errors="0">
  <testcase name="verifyFBLogin" time="0.004" classname="com.testersconnect.tests.BAT_Suite"/>
  <testcase name="verifyFBViewNote" time="0.004" classname="com.testersconnect.tests.BAT_Suite"/>
  <testcase name="verifyFBC0mment" time="0.004" classname="com.testersconnect.tests.BAT_Suite"/>
  <testcase name="verifyFBLogout" time="0.004" classname="com.testersconnect.tests.BAT_Suite"/>
</testsuite> <!-- com.testersconnect.tests.BAT_Suite -->
